2026-01-07 20:07:25.070 [查询运营商-1] ERROR c.s.q.c.QueryCarrierController [] - 请求失败:5039970691
java.io.IOException: Unable to tunnel through proxy. Proxy returns "HTTP/1.1 403 Forbidden"
	at sun.net.www.protocol.http.HttpURLConnection.doTunneling(HttpURLConnection.java:2166)
	at sun.net.www.protocol.https.AbstractDelegateHttpsURLConnection.connect(AbstractDelegateHttpsURLConnection.java:199)
	at sun.net.www.protocol.https.HttpsURLConnectionImpl.connect(HttpsURLConnectionImpl.java:167)
	at org.jsoup.helper.HttpConnection$Response.execute(HttpConnection.java:859)
	at org.jsoup.helper.HttpConnection$Response.execute(HttpConnection.java:829)
	at org.jsoup.helper.HttpConnection.execute(HttpConnection.java:366)
	at org.jsoup.helper.HttpConnection.get(HttpConnection.java:353)
	at com.sms.query_carrier.controller.QueryCarrierController.getCarrier(QueryCarrierController.java:174)
	at com.sms.query_carrier.controller.QueryCarrierController.lambda$query$0(QueryCarrierController.java:100)
	at java.util.concurrent.Executors$RunnableAdapter.call(Executors.java:511)
	at java.util.concurrent.FutureTask.run$$$capture(FutureTask.java:266)
	at java.util.concurrent.FutureTask.run(FutureTask.java)
	at java.util.concurrent.ThreadPoolExecutor.runWorker(ThreadPoolExecutor.java:1149)
	at java.util.concurrent.ThreadPoolExecutor$Worker.run(ThreadPoolExecutor.java:624)
	at java.lang.Thread.run(Thread.java:750)
2026-01-07 20:54:07.460 [查询运营商-1] ERROR c.s.q.c.QueryCarrierController [] - 请求失败:5039970691
org.apache.hc.client5.http.ClientProtocolException: CONNECT refused by proxy: HTTP/1.1 403 Forbidden
	at org.apache.hc.client5.http.impl.classic.InternalHttpClient.doExecute(InternalHttpClient.java:173)
	at org.apache.hc.client5.http.impl.classic.CloseableHttpClient.execute(CloseableHttpClient.java:123)
	at com.sms.query_carrier.controller.QueryCarrierController.getCarrier(QueryCarrierController.java:212)
	at com.sms.query_carrier.controller.QueryCarrierController.lambda$query$0(QueryCarrierController.java:114)
	at java.util.concurrent.Executors$RunnableAdapter.call(Executors.java:511)
	at java.util.concurrent.FutureTask.run$$$capture(FutureTask.java:266)
	at java.util.concurrent.FutureTask.run(FutureTask.java)
	at java.util.concurrent.ThreadPoolExecutor.runWorker(ThreadPoolExecutor.java:1149)
	at java.util.concurrent.ThreadPoolExecutor$Worker.run(ThreadPoolExecutor.java:624)
	at java.lang.Thread.run(Thread.java:750)
Caused by: org.apache.hc.client5.http.impl.TunnelRefusedException: CONNECT refused by proxy: HTTP/1.1 403 Forbidden
	at org.apache.hc.client5.http.impl.classic.ConnectExec.createTunnelToTarget(ConnectExec.java:284)
	at org.apache.hc.client5.http.impl.classic.ConnectExec.execute(ConnectExec.java:151)
	at org.apache.hc.client5.http.impl.classic.ExecChainElement.execute(ExecChainElement.java:51)
	at org.apache.hc.client5.http.impl.classic.ProtocolExec.execute(ProtocolExec.java:192)
	at org.apache.hc.client5.http.impl.classic.ExecChainElement.execute(ExecChainElement.java:51)
	at org.apache.hc.client5.http.impl.classic.HttpRequestRetryExec.execute(HttpRequestRetryExec.java:96)
	at org.apache.hc.client5.http.impl.classic.ExecChainElement.execute(ExecChainElement.java:51)
	at org.apache.hc.client5.http.impl.classic.ContentCompressionExec.execute(ContentCompressionExec.java:152)
	at org.apache.hc.client5.http.impl.classic.ExecChainElement.execute(ExecChainElement.java:51)
	at org.apache.hc.client5.http.impl.classic.RedirectExec.execute(RedirectExec.java:115)
	at org.apache.hc.client5.http.impl.classic.ExecChainElement.execute(ExecChainElement.java:51)
	at org.apache.hc.client5.http.impl.classic.InternalHttpClient.doExecute(InternalHttpClient.java:170)
	... 9 common frames omitted
2026-01-07 20:59:56.116 [查询运营商-2] ERROR c.s.q.c.QueryCarrierController [] - 请求失败:5039970691
org.apache.hc.client5.http.ClientProtocolException: CONNECT refused by proxy: HTTP/1.1 403 Forbidden
	at org.apache.hc.client5.http.impl.classic.InternalHttpClient.doExecute(InternalHttpClient.java:173)
	at org.apache.hc.client5.http.impl.classic.CloseableHttpClient.execute(CloseableHttpClient.java:123)
	at com.sms.query_carrier.controller.QueryCarrierController.getCarrier(QueryCarrierController.java:212)
	at com.sms.query_carrier.controller.QueryCarrierController.lambda$query$0(QueryCarrierController.java:114)
	at java.util.concurrent.Executors$RunnableAdapter.call(Executors.java:511)
	at java.util.concurrent.FutureTask.run$$$capture(FutureTask.java:266)
	at java.util.concurrent.FutureTask.run(FutureTask.java)
	at java.util.concurrent.ThreadPoolExecutor.runWorker(ThreadPoolExecutor.java:1149)
	at java.util.concurrent.ThreadPoolExecutor$Worker.run(ThreadPoolExecutor.java:624)
	at java.lang.Thread.run(Thread.java:750)
Caused by: org.apache.hc.client5.http.impl.TunnelRefusedException: CONNECT refused by proxy: HTTP/1.1 403 Forbidden
	at org.apache.hc.client5.http.impl.classic.ConnectExec.createTunnelToTarget(ConnectExec.java:284)
	at org.apache.hc.client5.http.impl.classic.ConnectExec.execute(ConnectExec.java:151)
	at org.apache.hc.client5.http.impl.classic.ExecChainElement.execute(ExecChainElement.java:51)
	at org.apache.hc.client5.http.impl.classic.ProtocolExec.execute(ProtocolExec.java:192)
	at org.apache.hc.client5.http.impl.classic.ExecChainElement.execute(ExecChainElement.java:51)
	at org.apache.hc.client5.http.impl.classic.HttpRequestRetryExec.execute(HttpRequestRetryExec.java:96)
	at org.apache.hc.client5.http.impl.classic.ExecChainElement.execute(ExecChainElement.java:51)
	at org.apache.hc.client5.http.impl.classic.ContentCompressionExec.execute(ContentCompressionExec.java:152)
	at org.apache.hc.client5.http.impl.classic.ExecChainElement.execute(ExecChainElement.java:51)
	at org.apache.hc.client5.http.impl.classic.RedirectExec.execute(RedirectExec.java:115)
	at org.apache.hc.client5.http.impl.classic.ExecChainElement.execute(ExecChainElement.java:51)
	at org.apache.hc.client5.http.impl.classic.InternalHttpClient.doExecute(InternalHttpClient.java:170)
	... 9 common frames omitted
2026-01-07 21:34:21.690 [查询运营商-1] ERROR c.s.q.c.QueryCarrierController [] - 请求失败:5039970691
java.io.IOException: Unable to tunnel through proxy. Proxy returns "HTTP/1.1 403 Forbidden"
	at sun.net.www.protocol.http.HttpURLConnection.doTunneling(HttpURLConnection.java:2166)
	at sun.net.www.protocol.https.AbstractDelegateHttpsURLConnection.connect(AbstractDelegateHttpsURLConnection.java:199)
	at sun.net.www.protocol.https.HttpsURLConnectionImpl.connect(HttpsURLConnectionImpl.java:167)
	at org.jsoup.helper.HttpConnection$Response.execute(HttpConnection.java:859)
	at org.jsoup.helper.HttpConnection$Response.execute(HttpConnection.java:829)
	at org.jsoup.helper.HttpConnection.execute(HttpConnection.java:366)
	at org.jsoup.helper.HttpConnection.get(HttpConnection.java:353)
	at com.sms.query_carrier.controller.QueryCarrierController.getCarrier(QueryCarrierController.java:183)
	at com.sms.query_carrier.controller.QueryCarrierController.lambda$query$0(QueryCarrierController.java:102)
	at java.util.concurrent.Executors$RunnableAdapter.call(Executors.java:511)
	at java.util.concurrent.FutureTask.run$$$capture(FutureTask.java:266)
	at java.util.concurrent.FutureTask.run(FutureTask.java)
	at java.util.concurrent.ThreadPoolExecutor.runWorker(ThreadPoolExecutor.java:1149)
	at java.util.concurrent.ThreadPoolExecutor$Worker.run(ThreadPoolExecutor.java:624)
	at java.lang.Thread.run(Thread.java:750)
2026-01-07 21:35:01.589 [查询运营商-2] ERROR c.s.q.c.QueryCarrierController [] - 请求失败:5039970691
java.io.IOException: Unable to tunnel through proxy. Proxy returns "HTTP/1.1 403 Forbidden"
	at sun.net.www.protocol.http.HttpURLConnection.doTunneling(HttpURLConnection.java:2166)
	at sun.net.www.protocol.https.AbstractDelegateHttpsURLConnection.connect(AbstractDelegateHttpsURLConnection.java:199)
	at sun.net.www.protocol.https.HttpsURLConnectionImpl.connect(HttpsURLConnectionImpl.java:167)
	at org.jsoup.helper.HttpConnection$Response.execute(HttpConnection.java:859)
	at org.jsoup.helper.HttpConnection$Response.execute(HttpConnection.java:829)
	at org.jsoup.helper.HttpConnection.execute(HttpConnection.java:366)
	at org.jsoup.helper.HttpConnection.get(HttpConnection.java:353)
	at com.sms.query_carrier.controller.QueryCarrierController.getCarrier(QueryCarrierController.java:183)
	at com.sms.query_carrier.controller.QueryCarrierController.lambda$query$0(QueryCarrierController.java:102)
	at java.util.concurrent.Executors$RunnableAdapter.call(Executors.java:511)
	at java.util.concurrent.FutureTask.run$$$capture(FutureTask.java:266)
	at java.util.concurrent.FutureTask.run(FutureTask.java)
	at java.util.concurrent.ThreadPoolExecutor.runWorker(ThreadPoolExecutor.java:1149)
	at java.util.concurrent.ThreadPoolExecutor$Worker.run(ThreadPoolExecutor.java:624)
	at java.lang.Thread.run(Thread.java:750)
2026-01-07 21:36:05.061 [查询运营商-1] ERROR c.s.q.c.QueryCarrierController [] - 请求失败:5039970691
java.io.IOException: Unable to tunnel through proxy. Proxy returns "HTTP/1.1 403 Forbidden"
	at sun.net.www.protocol.http.HttpURLConnection.doTunneling(HttpURLConnection.java:2166)
	at sun.net.www.protocol.https.AbstractDelegateHttpsURLConnection.connect(AbstractDelegateHttpsURLConnection.java:199)
	at sun.net.www.protocol.https.HttpsURLConnectionImpl.connect(HttpsURLConnectionImpl.java:167)
	at org.jsoup.helper.HttpConnection$Response.execute(HttpConnection.java:859)
	at org.jsoup.helper.HttpConnection$Response.execute(HttpConnection.java:829)
	at org.jsoup.helper.HttpConnection.execute(HttpConnection.java:366)
	at org.jsoup.helper.HttpConnection.get(HttpConnection.java:353)
	at com.sms.query_carrier.controller.QueryCarrierController.getCarrier(QueryCarrierController.java:187)
	at com.sms.query_carrier.controller.QueryCarrierController.lambda$query$0(QueryCarrierController.java:103)
	at java.util.concurrent.Executors$RunnableAdapter.call(Executors.java:511)
	at java.util.concurrent.FutureTask.run$$$capture(FutureTask.java:266)
	at java.util.concurrent.FutureTask.run(FutureTask.java)
	at java.util.concurrent.ThreadPoolExecutor.runWorker(ThreadPoolExecutor.java:1149)
	at java.util.concurrent.ThreadPoolExecutor$Worker.run(ThreadPoolExecutor.java:624)
	at java.lang.Thread.run(Thread.java:750)
2026-01-07 21:38:23.970 [查询运营商-1] ERROR c.s.q.c.QueryCarrierController [] - 请求失败:5039970691
java.io.IOException: Unable to tunnel through proxy. Proxy returns "HTTP/1.1 403 Forbidden"
	at sun.net.www.protocol.http.HttpURLConnection.doTunneling(HttpURLConnection.java:2166)
	at sun.net.www.protocol.https.AbstractDelegateHttpsURLConnection.connect(AbstractDelegateHttpsURLConnection.java:199)
	at sun.net.www.protocol.https.HttpsURLConnectionImpl.connect(HttpsURLConnectionImpl.java:167)
	at org.jsoup.helper.HttpConnection$Response.execute(HttpConnection.java:859)
	at org.jsoup.helper.HttpConnection$Response.execute(HttpConnection.java:829)
	at org.jsoup.helper.HttpConnection.execute(HttpConnection.java:366)
	at org.jsoup.helper.HttpConnection.get(HttpConnection.java:353)
	at com.sms.query_carrier.controller.QueryCarrierController.getCarrier(QueryCarrierController.java:186)
	at com.sms.query_carrier.controller.QueryCarrierController.lambda$query$0(QueryCarrierController.java:103)
	at java.util.concurrent.Executors$RunnableAdapter.call(Executors.java:511)
	at java.util.concurrent.FutureTask.run$$$capture(FutureTask.java:266)
	at java.util.concurrent.FutureTask.run(FutureTask.java)
	at java.util.concurrent.ThreadPoolExecutor.runWorker(ThreadPoolExecutor.java:1149)
	at java.util.concurrent.ThreadPoolExecutor$Worker.run(ThreadPoolExecutor.java:624)
	at java.lang.Thread.run(Thread.java:750)
2026-01-07 21:39:58.485 [查询运营商-1] ERROR c.s.q.c.QueryCarrierController [] - 请求失败:5039970691
java.io.IOException: Unable to tunnel through proxy. Proxy returns "HTTP/1.1 403 Forbidden"
	at sun.net.www.protocol.http.HttpURLConnection.doTunneling(HttpURLConnection.java:2166)
	at sun.net.www.protocol.https.AbstractDelegateHttpsURLConnection.connect(AbstractDelegateHttpsURLConnection.java:199)
	at sun.net.www.protocol.https.HttpsURLConnectionImpl.connect(HttpsURLConnectionImpl.java:167)
	at org.jsoup.helper.HttpConnection$Response.execute(HttpConnection.java:859)
	at org.jsoup.helper.HttpConnection$Response.execute(HttpConnection.java:829)
	at org.jsoup.helper.HttpConnection.execute(HttpConnection.java:366)
	at org.jsoup.helper.HttpConnection.get(HttpConnection.java:353)
	at com.sms.query_carrier.controller.QueryCarrierController.getCarrier(QueryCarrierController.java:193)
	at com.sms.query_carrier.controller.QueryCarrierController.lambda$query$0(QueryCarrierController.java:103)
	at java.util.concurrent.Executors$RunnableAdapter.call(Executors.java:511)
	at java.util.concurrent.FutureTask.run$$$capture(FutureTask.java:266)
	at java.util.concurrent.FutureTask.run(FutureTask.java)
	at java.util.concurrent.ThreadPoolExecutor.runWorker(ThreadPoolExecutor.java:1149)
	at java.util.concurrent.ThreadPoolExecutor$Worker.run(ThreadPoolExecutor.java:624)
	at java.lang.Thread.run(Thread.java:750)
2026-01-07 21:41:13.431 [查询运营商-1] ERROR c.s.q.c.QueryCarrierController [] - 请求失败:5039970691
java.io.IOException: Unable to tunnel through proxy. Proxy returns "HTTP/1.1 403 Forbidden"
	at sun.net.www.protocol.http.HttpURLConnection.doTunneling(HttpURLConnection.java:2166)
	at sun.net.www.protocol.https.AbstractDelegateHttpsURLConnection.connect(AbstractDelegateHttpsURLConnection.java:199)
	at sun.net.www.protocol.https.HttpsURLConnectionImpl.connect(HttpsURLConnectionImpl.java:167)
	at org.jsoup.helper.HttpConnection$Response.execute(HttpConnection.java:859)
	at org.jsoup.helper.HttpConnection$Response.execute(HttpConnection.java:829)
	at org.jsoup.helper.HttpConnection.execute(HttpConnection.java:366)
	at org.jsoup.helper.HttpConnection.get(HttpConnection.java:353)
	at com.sms.query_carrier.controller.QueryCarrierController.getCarrier(QueryCarrierController.java:200)
	at com.sms.query_carrier.controller.QueryCarrierController.lambda$query$0(QueryCarrierController.java:103)
	at java.util.concurrent.Executors$RunnableAdapter.call(Executors.java:511)
	at java.util.concurrent.FutureTask.run$$$capture(FutureTask.java:266)
	at java.util.concurrent.FutureTask.run(FutureTask.java)
	at java.util.concurrent.ThreadPoolExecutor.runWorker(ThreadPoolExecutor.java:1149)
	at java.util.concurrent.ThreadPoolExecutor$Worker.run(ThreadPoolExecutor.java:624)
	at java.lang.Thread.run(Thread.java:750)
2026-01-07 21:44:40.785 [查询运营商-1] ERROR c.s.q.c.QueryCarrierController [] - 抓取失败: Unable to tunnel through proxy. Proxy returns "HTTP/1.1 403 Forbidden"
2026-01-07 21:45:18.130 [查询运营商-2] ERROR c.s.q.c.QueryCarrierController [] - 抓取失败: Unable to tunnel through proxy. Proxy returns "HTTP/1.1 403 Forbidden"
2026-01-07 21:46:38.325 [查询运营商-1] ERROR c.s.q.c.QueryCarrierController [] - 抓取失败: Unable to tunnel through proxy. Proxy returns "HTTP/1.1 403 Forbidden"
